..\bin\Win32\Debug\Matchmaking.ilk
..\bin\Win32\Debug\Matchmaking.pdb
D:\DEPOTHERMES\PLAYGROUNDS\UNIVSAVOIE\CODE\TPUNIV_LAYOUT\BIN\WIN32\DEBUG\MATCHMAKING.EXE
D:\DEPOTHERMES\PLAYGROUNDS\UNIVSAVOIE\CODE\TPUNIV_LAYOUT\BIN\WIN32\DEBUG\MATCHMAKING.ILK
D:\DEPOTHERMES\PLAYGROUNDS\UNIVSAVOIE\CODE\TPUNIV_LAYOUT\BIN\WIN32\DEBUG\MATCHMAKING.PDB
D:\DepotHermes\playgrounds\UnivSavoie\code\tpuniv_layout\Matchmaking\..\bin\Win32\Debug\Matchmaking.exe
D:\DepotHermes\playgrounds\UnivSavoie\code\tpuniv_layout\Matchmaking\Debug\CL.13264.read.1.tlog
D:\DepotHermes\playgrounds\UnivSavoie\code\tpuniv_layout\Matchmaking\Debug\CL.13264.write.1.tlog
D:\DepotHermes\playgrounds\UnivSavoie\code\tpuniv_layout\Matchmaking\Debug\cl.command.1.tlog
D:\DepotHermes\playgrounds\UnivSavoie\code\tpuniv_layout\Matchmaking\Debug\cl.read.1.tlog
D:\DepotHermes\playgrounds\UnivSavoie\code\tpuniv_layout\Matchmaking\Debug\cl.write.1.tlog
D:\DepotHermes\playgrounds\UnivSavoie\code\tpuniv_layout\Matchmaking\Debug\link.11240.read.1.tlog
D:\DepotHermes\playgrounds\UnivSavoie\code\tpuniv_layout\Matchmaking\Debug\link.11240.write.1.tlog
D:\DepotHermes\playgrounds\UnivSavoie\code\tpuniv_layout\Matchmaking\Debug\link.command.1.tlog
D:\DepotHermes\playgrounds\UnivSavoie\code\tpuniv_layout\Matchmaking\Debug\link.read.1.tlog
D:\DepotHermes\playgrounds\UnivSavoie\code\tpuniv_layout\Matchmaking\Debug\main.obj
D:\DEPOTHERMES\PLAYGROUNDS\UNIVSAVOIE\CODE\TPUNIV_LAYOUT\MATCHMAKING\DEBUG\MATCHMAKING.EXE.INTERMEDIATE.MANIFEST
D:\DepotHermes\playgrounds\UnivSavoie\code\tpuniv_layout\Matchmaking\Debug\MatchMaking.obj
D:\DepotHermes\playgrounds\UnivSavoie\code\tpuniv_layout\Matchmaking\Debug\Matchmaking.write.1.tlog
D:\DepotHermes\playgrounds\UnivSavoie\code\tpuniv_layout\Matchmaking\Debug\mt.10928.read.1.tlog
D:\DepotHermes\playgrounds\UnivSavoie\code\tpuniv_layout\Matchmaking\Debug\mt.10928.write.1.tlog
D:\DepotHermes\playgrounds\UnivSavoie\code\tpuniv_layout\Matchmaking\Debug\mt.command.1.tlog
D:\DepotHermes\playgrounds\UnivSavoie\code\tpuniv_layout\Matchmaking\Debug\mt.read.1.tlog
D:\DepotHermes\playgrounds\UnivSavoie\code\tpuniv_layout\Matchmaking\Debug\mt.write.1.tlog
D:\DepotHermes\playgrounds\UnivSavoie\code\tpuniv_layout\Matchmaking\Debug\vc100.idb
D:\DEPOTHERMES\PLAYGROUNDS\UNIVSAVOIE\CODE\TPUNIV_LAYOUT\MATCHMAKING\DEBUG\VC100.PDB
