..\bin\Win32\Release\Matchmaking.pdb
D:\DEPOTHERMES\PLAYGROUNDS\UNIVSAVOIE\CODE\TPUNIV_LAYOUT\BIN\WIN32\RELEASE\MATCHMAKING.EXE
D:\DEPOTHERMES\PLAYGROUNDS\UNIVSAVOIE\CODE\TPUNIV_LAYOUT\BIN\WIN32\RELEASE\MATCHMAKING.PDB
D:\DepotHermes\playgrounds\UnivSavoie\code\tpuniv_layout\Matchmaking\..\bin\Win32\Release\Matchmaking.exe
D:\DepotHermes\playgrounds\UnivSavoie\code\tpuniv_layout\Matchmaking\Release\CL.13844.read.1.tlog
D:\DepotHermes\playgrounds\UnivSavoie\code\tpuniv_layout\Matchmaking\Release\CL.13844.write.1.tlog
D:\DepotHermes\playgrounds\UnivSavoie\code\tpuniv_layout\Matchmaking\Release\cl.command.1.tlog
D:\DepotHermes\playgrounds\UnivSavoie\code\tpuniv_layout\Matchmaking\Release\cl.read.1.tlog
D:\DepotHermes\playgrounds\UnivSavoie\code\tpuniv_layout\Matchmaking\Release\cl.write.1.tlog
D:\DepotHermes\playgrounds\UnivSavoie\code\tpuniv_layout\Matchmaking\Release\link.17076.read.1.tlog
D:\DepotHermes\playgrounds\UnivSavoie\code\tpuniv_layout\Matchmaking\Release\link.17076.write.1.tlog
D:\DepotHermes\playgrounds\UnivSavoie\code\tpuniv_layout\Matchmaking\Release\link.command.1.tlog
D:\DepotHermes\playgrounds\UnivSavoie\code\tpuniv_layout\Matchmaking\Release\link.read.1.tlog
D:\DepotHermes\playgrounds\UnivSavoie\code\tpuniv_layout\Matchmaking\Release\main.obj
D:\DEPOTHERMES\PLAYGROUNDS\UNIVSAVOIE\CODE\TPUNIV_LAYOUT\MATCHMAKING\RELEASE\MATCHMAKING.EXE.INTERMEDIATE.MANIFEST
D:\DepotHermes\playgrounds\UnivSavoie\code\tpuniv_layout\Matchmaking\Release\MatchMaking.obj
D:\DepotHermes\playgrounds\UnivSavoie\code\tpuniv_layout\Matchmaking\Release\Matchmaking.write.1.tlog
D:\DepotHermes\playgrounds\UnivSavoie\code\tpuniv_layout\Matchmaking\Release\mt.18528.read.1.tlog
D:\DepotHermes\playgrounds\UnivSavoie\code\tpuniv_layout\Matchmaking\Release\mt.18528.write.1.tlog
D:\DepotHermes\playgrounds\UnivSavoie\code\tpuniv_layout\Matchmaking\Release\mt.command.1.tlog
D:\DepotHermes\playgrounds\UnivSavoie\code\tpuniv_layout\Matchmaking\Release\mt.read.1.tlog
D:\DepotHermes\playgrounds\UnivSavoie\code\tpuniv_layout\Matchmaking\Release\mt.write.1.tlog
D:\DEPOTHERMES\PLAYGROUNDS\UNIVSAVOIE\CODE\TPUNIV_LAYOUT\MATCHMAKING\RELEASE\VC100.PDB
