D:\DEPOTHERMES\PLAYGROUNDS\UNIVSAVOIE\CODE\TPUNIV_LAYOUT\BIN\WIN32\RELEASE\SHARED.LIB
D:\DepotHermes\playgrounds\UnivSavoie\code\tpuniv_layout\Shared\..\bin\Win32\Release\Shared.lib
D:\DepotHermes\playgrounds\UnivSavoie\code\tpuniv_layout\Shared\Release\CL.14788.read.1.tlog
D:\DepotHermes\playgrounds\UnivSavoie\code\tpuniv_layout\Shared\Release\CL.14788.write.1.tlog
D:\DepotHermes\playgrounds\UnivSavoie\code\tpuniv_layout\Shared\Release\cl.command.1.tlog
D:\DepotHermes\playgrounds\UnivSavoie\code\tpuniv_layout\Shared\Release\cl.read.1.tlog
D:\DepotHermes\playgrounds\UnivSavoie\code\tpuniv_layout\Shared\Release\cl.write.1.tlog
D:\DepotHermes\playgrounds\UnivSavoie\code\tpuniv_layout\Shared\Release\CommonTime.obj
D:\DepotHermes\playgrounds\UnivSavoie\code\tpuniv_layout\Shared\Release\crc32.obj
D:\DepotHermes\playgrounds\UnivSavoie\code\tpuniv_layout\Shared\Release\GenericRPC.obj
D:\DepotHermes\playgrounds\UnivSavoie\code\tpuniv_layout\Shared\Release\GenericRPCListener.obj
D:\DepotHermes\playgrounds\UnivSavoie\code\tpuniv_layout\Shared\Release\Lib.19080-link.read.1.tlog
D:\DepotHermes\playgrounds\UnivSavoie\code\tpuniv_layout\Shared\Release\Lib.19080-link.write.1.tlog
D:\DepotHermes\playgrounds\UnivSavoie\code\tpuniv_layout\Shared\Release\lib.command.1.tlog
D:\DepotHermes\playgrounds\UnivSavoie\code\tpuniv_layout\Shared\Release\Msg.obj
D:\DepotHermes\playgrounds\UnivSavoie\code\tpuniv_layout\Shared\Release\NetPeer.obj
D:\DepotHermes\playgrounds\UnivSavoie\code\tpuniv_layout\Shared\Release\NetSocket.obj
D:\DepotHermes\playgrounds\UnivSavoie\code\tpuniv_layout\Shared\Release\NetworkManager.obj
D:\DepotHermes\playgrounds\UnivSavoie\code\tpuniv_layout\Shared\Release\Serializable.obj
D:\DepotHermes\playgrounds\UnivSavoie\code\tpuniv_layout\Shared\Release\Serializer.obj
D:\DepotHermes\playgrounds\UnivSavoie\code\tpuniv_layout\Shared\Release\Shared.write.1.tlog
D:\DepotHermes\playgrounds\UnivSavoie\code\tpuniv_layout\Shared\Release\StringId.obj
D:\DEPOTHERMES\PLAYGROUNDS\UNIVSAVOIE\CODE\TPUNIV_LAYOUT\SHARED\RELEASE\VC100.PDB
