..\bin\Win32\Debug\Broker.ilk
..\bin\Win32\Debug\Broker.pdb
D:\DEPOTHERMES\PLAYGROUNDS\UNIVSAVOIE\CODE\TPUNIV_LAYOUT\BIN\WIN32\DEBUG\BROKER.EXE
D:\DEPOTHERMES\PLAYGROUNDS\UNIVSAVOIE\CODE\TPUNIV_LAYOUT\BIN\WIN32\DEBUG\BROKER.ILK
D:\DEPOTHERMES\PLAYGROUNDS\UNIVSAVOIE\CODE\TPUNIV_LAYOUT\BIN\WIN32\DEBUG\BROKER.PDB
D:\DepotHermes\playgrounds\UnivSavoie\code\tpuniv_layout\Broker\..\bin\Win32\Debug\Broker.exe
D:\DEPOTHERMES\PLAYGROUNDS\UNIVSAVOIE\CODE\TPUNIV_LAYOUT\BROKER\DEBUG\BROKER.EXE.INTERMEDIATE.MANIFEST
D:\DepotHermes\playgrounds\UnivSavoie\code\tpuniv_layout\Broker\Debug\Broker.obj
D:\DepotHermes\playgrounds\UnivSavoie\code\tpuniv_layout\Broker\Debug\Broker.write.1.tlog
D:\DepotHermes\playgrounds\UnivSavoie\code\tpuniv_layout\Broker\Debug\CL.17584.read.1.tlog
D:\DepotHermes\playgrounds\UnivSavoie\code\tpuniv_layout\Broker\Debug\CL.17584.write.1.tlog
D:\DepotHermes\playgrounds\UnivSavoie\code\tpuniv_layout\Broker\Debug\cl.command.1.tlog
D:\DepotHermes\playgrounds\UnivSavoie\code\tpuniv_layout\Broker\Debug\cl.read.1.tlog
D:\DepotHermes\playgrounds\UnivSavoie\code\tpuniv_layout\Broker\Debug\cl.write.1.tlog
D:\DepotHermes\playgrounds\UnivSavoie\code\tpuniv_layout\Broker\Debug\link.19324.read.1.tlog
D:\DepotHermes\playgrounds\UnivSavoie\code\tpuniv_layout\Broker\Debug\link.19324.write.1.tlog
D:\DepotHermes\playgrounds\UnivSavoie\code\tpuniv_layout\Broker\Debug\link.command.1.tlog
D:\DepotHermes\playgrounds\UnivSavoie\code\tpuniv_layout\Broker\Debug\link.read.1.tlog
D:\DepotHermes\playgrounds\UnivSavoie\code\tpuniv_layout\Broker\Debug\main.obj
D:\DepotHermes\playgrounds\UnivSavoie\code\tpuniv_layout\Broker\Debug\mt.10820.read.1.tlog
D:\DepotHermes\playgrounds\UnivSavoie\code\tpuniv_layout\Broker\Debug\mt.10820.write.1.tlog
D:\DepotHermes\playgrounds\UnivSavoie\code\tpuniv_layout\Broker\Debug\mt.command.1.tlog
D:\DepotHermes\playgrounds\UnivSavoie\code\tpuniv_layout\Broker\Debug\mt.read.1.tlog
D:\DepotHermes\playgrounds\UnivSavoie\code\tpuniv_layout\Broker\Debug\mt.write.1.tlog
D:\DepotHermes\playgrounds\UnivSavoie\code\tpuniv_layout\Broker\Debug\vc100.idb
D:\DEPOTHERMES\PLAYGROUNDS\UNIVSAVOIE\CODE\TPUNIV_LAYOUT\BROKER\DEBUG\VC100.PDB
