..\bin\Win32\Debug\Session.ilk
..\bin\Win32\Debug\Session.pdb
D:\DEPOTHERMES\PLAYGROUNDS\UNIVSAVOIE\CODE\TPUNIV_LAYOUT\BIN\WIN32\DEBUG\SESSION.EXE
D:\DEPOTHERMES\PLAYGROUNDS\UNIVSAVOIE\CODE\TPUNIV_LAYOUT\BIN\WIN32\DEBUG\SESSION.ILK
D:\DEPOTHERMES\PLAYGROUNDS\UNIVSAVOIE\CODE\TPUNIV_LAYOUT\BIN\WIN32\DEBUG\SESSION.PDB
D:\DepotHermes\playgrounds\UnivSavoie\code\tpuniv_layout\Session\..\bin\Win32\Debug\Session.exe
D:\DepotHermes\playgrounds\UnivSavoie\code\tpuniv_layout\Session\Debug\CL.16848.read.1.tlog
D:\DepotHermes\playgrounds\UnivSavoie\code\tpuniv_layout\Session\Debug\CL.16848.write.1.tlog
D:\DepotHermes\playgrounds\UnivSavoie\code\tpuniv_layout\Session\Debug\cl.command.1.tlog
D:\DepotHermes\playgrounds\UnivSavoie\code\tpuniv_layout\Session\Debug\cl.read.1.tlog
D:\DepotHermes\playgrounds\UnivSavoie\code\tpuniv_layout\Session\Debug\cl.write.1.tlog
D:\DepotHermes\playgrounds\UnivSavoie\code\tpuniv_layout\Session\Debug\link.15068.read.1.tlog
D:\DepotHermes\playgrounds\UnivSavoie\code\tpuniv_layout\Session\Debug\link.15068.write.1.tlog
D:\DepotHermes\playgrounds\UnivSavoie\code\tpuniv_layout\Session\Debug\link.command.1.tlog
D:\DepotHermes\playgrounds\UnivSavoie\code\tpuniv_layout\Session\Debug\link.read.1.tlog
D:\DepotHermes\playgrounds\UnivSavoie\code\tpuniv_layout\Session\Debug\main.obj
D:\DepotHermes\playgrounds\UnivSavoie\code\tpuniv_layout\Session\Debug\mt.17364.read.1.tlog
D:\DepotHermes\playgrounds\UnivSavoie\code\tpuniv_layout\Session\Debug\mt.17364.write.1.tlog
D:\DepotHermes\playgrounds\UnivSavoie\code\tpuniv_layout\Session\Debug\mt.command.1.tlog
D:\DepotHermes\playgrounds\UnivSavoie\code\tpuniv_layout\Session\Debug\mt.read.1.tlog
D:\DepotHermes\playgrounds\UnivSavoie\code\tpuniv_layout\Session\Debug\mt.write.1.tlog
D:\DEPOTHERMES\PLAYGROUNDS\UNIVSAVOIE\CODE\TPUNIV_LAYOUT\SESSION\DEBUG\SESSION.EXE.INTERMEDIATE.MANIFEST
D:\DepotHermes\playgrounds\UnivSavoie\code\tpuniv_layout\Session\Debug\Session.write.1.tlog
D:\DepotHermes\playgrounds\UnivSavoie\code\tpuniv_layout\Session\Debug\SessionService.obj
D:\DepotHermes\playgrounds\UnivSavoie\code\tpuniv_layout\Session\Debug\vc100.idb
D:\DEPOTHERMES\PLAYGROUNDS\UNIVSAVOIE\CODE\TPUNIV_LAYOUT\SESSION\DEBUG\VC100.PDB
