La génération a démarré 29/01/2014 14:57:20.
     1>Projet "C:\Users\ilustr\Documents\Visual Studio 2012\Projects\TpUbisoft\Shared\Shared.vcxproj" sur le nœud 2 (Build cible(s)).
     1>ClCompile:
         C:\Program Files (x86)\Microsoft Visual Studio 11.0\VC\bin\CL.exe /c /ZI /nologo /W4 /WX- /Od /Oy- /D _MBCS /Gm /EHsc /RTC1 /MDd /GS /fp:precise /Zc:wchar_t /Zc:forScope /Fo"Debug\\" /Fd"Debug\vc110.pdb" /Gd /TP /analyze- /errorReport:prompt CommonTime.cpp crc32.cpp GenericRPC.cpp GenericRPCListener.cpp Msg.cpp NetPeer.cpp NetSocket.cpp NetworkManager.cpp Serializable.cpp Serializer.cpp StringId.cpp
         StringId.cpp
         Serializer.cpp
         Serializable.cpp
         NetworkManager.cpp
         NetSocket.cpp
         NetPeer.cpp
         Msg.cpp
         GenericRPCListener.cpp
         GenericRPC.cpp
         crc32.cpp
         CommonTime.cpp
         Génération de code en cours...
       Lib:
         C:\Program Files (x86)\Microsoft Visual Studio 11.0\VC\bin\Lib.exe /OUT:"..\bin\Win32\Debug\Shared.lib" /NOLOGO Debug\CommonTime.obj
         Debug\crc32.obj
         Debug\GenericRPC.obj
         Debug\GenericRPCListener.obj
         Debug\Msg.obj
         Debug\NetPeer.obj
         Debug\NetSocket.obj
         Debug\NetworkManager.obj
         Debug\Serializable.obj
         Debug\Serializer.obj
         Debug\StringId.obj
     1>NetSocket.obj : warning LNK4221: Ce fichier objet ne dÚfinit pas de symboles publics jusqu'ici non dÚfinis. Par consÚquent, il ne sera utilisÚ par aucune opÚration de lien utilisant cette bibliothÞque
     1>GenericRPC.obj : warning LNK4221: Ce fichier objet ne dÚfinit pas de symboles publics jusqu'ici non dÚfinis. Par consÚquent, il ne sera utilisÚ par aucune opÚration de lien utilisant cette bibliothÞque
         Shared.vcxproj -> C:\Users\ilustr\Documents\Visual Studio 2012\Projects\TpUbisoft\Shared\..\bin\Win32\Debug\Shared.lib
     1>Génération du projet "C:\Users\ilustr\Documents\Visual Studio 2012\Projects\TpUbisoft\Shared\Shared.vcxproj" terminée (Build cible(s)).

La génération a réussi.

Temps écoulé 00:00:04.74
