D:\DEPOTHERMES\PLAYGROUNDS\UNIVSAVOIE\CODE\TPUNIV_LAYOUT\BIN\WIN32\DEBUG\SHARED.LIB
D:\DepotHermes\playgrounds\UnivSavoie\code\tpuniv_layout\Shared\..\bin\Win32\Debug\Shared.lib
D:\DepotHermes\playgrounds\UnivSavoie\code\tpuniv_layout\Shared\Debug\CL.10812.read.1.tlog
D:\DepotHermes\playgrounds\UnivSavoie\code\tpuniv_layout\Shared\Debug\CL.10812.write.1.tlog
D:\DepotHermes\playgrounds\UnivSavoie\code\tpuniv_layout\Shared\Debug\cl.command.1.tlog
D:\DepotHermes\playgrounds\UnivSavoie\code\tpuniv_layout\Shared\Debug\cl.read.1.tlog
D:\DepotHermes\playgrounds\UnivSavoie\code\tpuniv_layout\Shared\Debug\cl.write.1.tlog
D:\DepotHermes\playgrounds\UnivSavoie\code\tpuniv_layout\Shared\Debug\CommonTime.obj
D:\DepotHermes\playgrounds\UnivSavoie\code\tpuniv_layout\Shared\Debug\crc32.obj
D:\DepotHermes\playgrounds\UnivSavoie\code\tpuniv_layout\Shared\Debug\GenericRPC.obj
D:\DepotHermes\playgrounds\UnivSavoie\code\tpuniv_layout\Shared\Debug\GenericRPCListener.obj
D:\DepotHermes\playgrounds\UnivSavoie\code\tpuniv_layout\Shared\Debug\Lib.17796-link.read.1.tlog
D:\DepotHermes\playgrounds\UnivSavoie\code\tpuniv_layout\Shared\Debug\Lib.17796-link.write.1.tlog
D:\DepotHermes\playgrounds\UnivSavoie\code\tpuniv_layout\Shared\Debug\lib.command.1.tlog
D:\DepotHermes\playgrounds\UnivSavoie\code\tpuniv_layout\Shared\Debug\Msg.obj
D:\DepotHermes\playgrounds\UnivSavoie\code\tpuniv_layout\Shared\Debug\NetPeer.obj
D:\DepotHermes\playgrounds\UnivSavoie\code\tpuniv_layout\Shared\Debug\NetSocket.obj
D:\DepotHermes\playgrounds\UnivSavoie\code\tpuniv_layout\Shared\Debug\NetworkManager.obj
D:\DepotHermes\playgrounds\UnivSavoie\code\tpuniv_layout\Shared\Debug\Serializable.obj
D:\DepotHermes\playgrounds\UnivSavoie\code\tpuniv_layout\Shared\Debug\Serializer.obj
D:\DepotHermes\playgrounds\UnivSavoie\code\tpuniv_layout\Shared\Debug\Shared.write.1.tlog
D:\DepotHermes\playgrounds\UnivSavoie\code\tpuniv_layout\Shared\Debug\StringId.obj
D:\DepotHermes\playgrounds\UnivSavoie\code\tpuniv_layout\Shared\Debug\vc100.idb
D:\DEPOTHERMES\PLAYGROUNDS\UNIVSAVOIE\CODE\TPUNIV_LAYOUT\SHARED\DEBUG\VC100.PDB
