..\bin\Win32\Release\Broker.pdb
D:\DEPOTHERMES\PLAYGROUNDS\UNIVSAVOIE\CODE\TPUNIV_LAYOUT\BIN\WIN32\RELEASE\BROKER.EXE
D:\DEPOTHERMES\PLAYGROUNDS\UNIVSAVOIE\CODE\TPUNIV_LAYOUT\BIN\WIN32\RELEASE\BROKER.PDB
D:\DepotHermes\playgrounds\UnivSavoie\code\tpuniv_layout\Broker\..\bin\Win32\Release\Broker.exe
D:\DEPOTHERMES\PLAYGROUNDS\UNIVSAVOIE\CODE\TPUNIV_LAYOUT\BROKER\RELEASE\BROKER.EXE.INTERMEDIATE.MANIFEST
D:\DepotHermes\playgrounds\UnivSavoie\code\tpuniv_layout\Broker\Release\Broker.obj
D:\DepotHermes\playgrounds\UnivSavoie\code\tpuniv_layout\Broker\Release\Broker.write.1.tlog
D:\DepotHermes\playgrounds\UnivSavoie\code\tpuniv_layout\Broker\Release\CL.15112.read.1.tlog
D:\DepotHermes\playgrounds\UnivSavoie\code\tpuniv_layout\Broker\Release\CL.15112.write.1.tlog
D:\DepotHermes\playgrounds\UnivSavoie\code\tpuniv_layout\Broker\Release\cl.command.1.tlog
D:\DepotHermes\playgrounds\UnivSavoie\code\tpuniv_layout\Broker\Release\cl.read.1.tlog
D:\DepotHermes\playgrounds\UnivSavoie\code\tpuniv_layout\Broker\Release\cl.write.1.tlog
D:\DepotHermes\playgrounds\UnivSavoie\code\tpuniv_layout\Broker\Release\link.17388.read.1.tlog
D:\DepotHermes\playgrounds\UnivSavoie\code\tpuniv_layout\Broker\Release\link.17388.write.1.tlog
D:\DepotHermes\playgrounds\UnivSavoie\code\tpuniv_layout\Broker\Release\link.command.1.tlog
D:\DepotHermes\playgrounds\UnivSavoie\code\tpuniv_layout\Broker\Release\link.read.1.tlog
D:\DepotHermes\playgrounds\UnivSavoie\code\tpuniv_layout\Broker\Release\main.obj
D:\DepotHermes\playgrounds\UnivSavoie\code\tpuniv_layout\Broker\Release\mt.2792.read.1.tlog
D:\DepotHermes\playgrounds\UnivSavoie\code\tpuniv_layout\Broker\Release\mt.2792.write.1.tlog
D:\DepotHermes\playgrounds\UnivSavoie\code\tpuniv_layout\Broker\Release\mt.command.1.tlog
D:\DepotHermes\playgrounds\UnivSavoie\code\tpuniv_layout\Broker\Release\mt.read.1.tlog
D:\DepotHermes\playgrounds\UnivSavoie\code\tpuniv_layout\Broker\Release\mt.write.1.tlog
D:\DEPOTHERMES\PLAYGROUNDS\UNIVSAVOIE\CODE\TPUNIV_LAYOUT\BROKER\RELEASE\VC100.PDB
