..\bin\Win32\Release\Session.pdb
D:\DEPOTHERMES\PLAYGROUNDS\UNIVSAVOIE\CODE\TPUNIV_LAYOUT\BIN\WIN32\RELEASE\SESSION.EXE
D:\DEPOTHERMES\PLAYGROUNDS\UNIVSAVOIE\CODE\TPUNIV_LAYOUT\BIN\WIN32\RELEASE\SESSION.PDB
D:\DepotHermes\playgrounds\UnivSavoie\code\tpuniv_layout\Session\..\bin\Win32\Release\Session.exe
D:\DepotHermes\playgrounds\UnivSavoie\code\tpuniv_layout\Session\Release\CL.17680.read.1.tlog
D:\DepotHermes\playgrounds\UnivSavoie\code\tpuniv_layout\Session\Release\CL.17680.write.1.tlog
D:\DepotHermes\playgrounds\UnivSavoie\code\tpuniv_layout\Session\Release\cl.command.1.tlog
D:\DepotHermes\playgrounds\UnivSavoie\code\tpuniv_layout\Session\Release\cl.read.1.tlog
D:\DepotHermes\playgrounds\UnivSavoie\code\tpuniv_layout\Session\Release\cl.write.1.tlog
D:\DepotHermes\playgrounds\UnivSavoie\code\tpuniv_layout\Session\Release\link.9492.read.1.tlog
D:\DepotHermes\playgrounds\UnivSavoie\code\tpuniv_layout\Session\Release\link.9492.write.1.tlog
D:\DepotHermes\playgrounds\UnivSavoie\code\tpuniv_layout\Session\Release\link.command.1.tlog
D:\DepotHermes\playgrounds\UnivSavoie\code\tpuniv_layout\Session\Release\link.read.1.tlog
D:\DepotHermes\playgrounds\UnivSavoie\code\tpuniv_layout\Session\Release\main.obj
D:\DepotHermes\playgrounds\UnivSavoie\code\tpuniv_layout\Session\Release\mt.17140.read.1.tlog
D:\DepotHermes\playgrounds\UnivSavoie\code\tpuniv_layout\Session\Release\mt.17140.write.1.tlog
D:\DepotHermes\playgrounds\UnivSavoie\code\tpuniv_layout\Session\Release\mt.command.1.tlog
D:\DepotHermes\playgrounds\UnivSavoie\code\tpuniv_layout\Session\Release\mt.read.1.tlog
D:\DepotHermes\playgrounds\UnivSavoie\code\tpuniv_layout\Session\Release\mt.write.1.tlog
D:\DEPOTHERMES\PLAYGROUNDS\UNIVSAVOIE\CODE\TPUNIV_LAYOUT\SESSION\RELEASE\SESSION.EXE.INTERMEDIATE.MANIFEST
D:\DepotHermes\playgrounds\UnivSavoie\code\tpuniv_layout\Session\Release\Session.write.1.tlog
D:\DepotHermes\playgrounds\UnivSavoie\code\tpuniv_layout\Session\Release\SessionService.obj
D:\DEPOTHERMES\PLAYGROUNDS\UNIVSAVOIE\CODE\TPUNIV_LAYOUT\SESSION\RELEASE\VC100.PDB
